{"id":"127.0.0.1.tm155032352833500001","wasCommitted":true,"participants":[{"uri":"127.0.0.1.tm2","state":"COMMITTING","expires":1550323538239,"resourceName":"dataSource"}]}
{"id":"127.0.0.1.tm155032352833500001","wasCommitted":true,"participants":[{"uri":"127.0.0.1.tm2","state":"TERMINATED","expires":1550323538241,"resourceName":"dataSource"}]}
{"id":"127.0.0.1.tm155032353172600002","wasCommitted":true,"participants":[{"uri":"127.0.0.1.tm3","state":"COMMITTING","expires":1550323541629,"resourceName":"dataSource"}]}
{"id":"127.0.0.1.tm155032353172600002","wasCommitted":true,"participants":[{"uri":"127.0.0.1.tm3","state":"TERMINATED","expires":1550323541630,"resourceName":"dataSource"}]}
{"id":"127.0.0.1.tm155032353320200003","wasCommitted":true,"participants":[{"uri":"127.0.0.1.tm4","state":"COMMITTING","expires":1550323543105,"resourceName":"dataSource"}]}
{"id":"127.0.0.1.tm155032353320200003","wasCommitted":true,"participants":[{"uri":"127.0.0.1.tm4","state":"TERMINATED","expires":1550323543105,"resourceName":"dataSource"}]}
{"id":"127.0.0.1.tm155032353428100004","wasCommitted":true,"participants":[{"uri":"127.0.0.1.tm5","state":"COMMITTING","expires":1550323544199,"resourceName":"jmsConnectionFactory"}]}
{"id":"127.0.0.1.tm155032353428100004","wasCommitted":true,"participants":[{"uri":"127.0.0.1.tm5","state":"TERMINATED","expires":1550323544207,"resourceName":"jmsConnectionFactory"}]}
{"id":"127.0.0.1.tm155032353626400005","wasCommitted":true,"participants":[{"uri":"127.0.0.1.tm6","state":"COMMITTING","expires":1550323546169,"resourceName":"jmsConnectionFactory"}]}
{"id":"127.0.0.1.tm155032353626400005","wasCommitted":true,"participants":[{"uri":"127.0.0.1.tm6","state":"TERMINATED","expires":1550323546176,"resourceName":"jmsConnectionFactory"}]}
{"id":"127.0.0.1.tm155032353731300006","wasCommitted":true,"participants":[{"uri":"127.0.0.1.tm7","state":"COMMITTING","expires":1550323547214,"resourceName":"dataSource"}]}
{"id":"127.0.0.1.tm155032353731300006","wasCommitted":true,"participants":[{"uri":"127.0.0.1.tm7","state":"TERMINATED","expires":1550323547215,"resourceName":"dataSource"}]}
{"id":"127.0.0.1.tm155032357526500007","wasCommitted":true,"participants":[{"uri":"127.0.0.1.tm8","state":"COMMITTING","expires":1550323585169,"resourceName":"jmsConnectionFactory"}]}
{"id":"127.0.0.1.tm155032357526500007","wasCommitted":true,"participants":[{"uri":"127.0.0.1.tm8","state":"TERMINATED","expires":1550323585176,"resourceName":"jmsConnectionFactory"}]}
{"id":"127.0.0.1.tm155032357590900008","wasCommitted":true,"participants":[{"uri":"127.0.0.1.tm9","state":"COMMITTING","expires":1550323585814,"resourceName":"jmsConnectionFactory"}]}
{"id":"127.0.0.1.tm155032357590900008","wasCommitted":true,"participants":[{"uri":"127.0.0.1.tm9","state":"TERMINATED","expires":1550323585821,"resourceName":"jmsConnectionFactory"}]}
{"id":"127.0.0.1.tm155032357639100009","wasCommitted":true,"participants":[{"uri":"127.0.0.1.tm10","state":"COMMITTING","expires":1550323586296,"resourceName":"jmsConnectionFactory"}]}
{"id":"127.0.0.1.tm155032357639100009","wasCommitted":true,"participants":[{"uri":"127.0.0.1.tm10","state":"TERMINATED","expires":1550323586303,"resourceName":"jmsConnectionFactory"}]}
{"id":"127.0.0.1.tm155032357700200010","wasCommitted":true,"participants":[{"uri":"127.0.0.1.tm11","state":"COMMITTING","expires":1550323586907,"resourceName":"jmsConnectionFactory"}]}
{"id":"127.0.0.1.tm155032357700200010","wasCommitted":true,"participants":[{"uri":"127.0.0.1.tm11","state":"TERMINATED","expires":1550323586914,"resourceName":"jmsConnectionFactory"}]}
{"id":"127.0.0.1.tm155032357773200011","wasCommitted":true,"participants":[{"uri":"127.0.0.1.tm12","state":"COMMITTING","expires":1550323587633,"resourceName":"dataSource"}]}
{"id":"127.0.0.1.tm155032357773200011","wasCommitted":true,"participants":[{"uri":"127.0.0.1.tm12","state":"TERMINATED","expires":1550323587634,"resourceName":"dataSource"}]}
{"id":"127.0.0.1.tm155032357826400012","wasCommitted":true,"participants":[{"uri":"127.0.0.1.tm13","state":"COMMITTING","expires":1550323588166,"resourceName":"dataSource"}]}
{"id":"127.0.0.1.tm155032357826400012","wasCommitted":true,"participants":[{"uri":"127.0.0.1.tm13","state":"TERMINATED","expires":1550323588166,"resourceName":"dataSource"}]}
{"id":"127.0.0.1.tm155032357879800013","wasCommitted":true,"participants":[{"uri":"127.0.0.1.tm14","state":"COMMITTING","expires":1550323588699,"resourceName":"dataSource"}]}
{"id":"127.0.0.1.tm155032357879800013","wasCommitted":true,"participants":[{"uri":"127.0.0.1.tm14","state":"TERMINATED","expires":1550323588700,"resourceName":"dataSource"}]}
{"id":"127.0.0.1.tm155032357934200014","wasCommitted":true,"participants":[{"uri":"127.0.0.1.tm15","state":"COMMITTING","expires":1550323589243,"resourceName":"dataSource"}]}
{"id":"127.0.0.1.tm155032357934200014","wasCommitted":true,"participants":[{"uri":"127.0.0.1.tm15","state":"TERMINATED","expires":1550323589243,"resourceName":"dataSource"}]}
{"id":"127.0.0.1.tm155032358198100015","wasCommitted":true,"participants":[{"uri":"127.0.0.1.tm16","state":"COMMITTING","expires":1550323591899,"resourceName":"jmsConnectionFactory"},{"uri":"127.0.0.1.tm17","state":"COMMITTING","expires":1550323591899,"resourceName":"dataSource"}]}
{"id":"127.0.0.1.tm155032358198100015","wasCommitted":true,"participants":[{"uri":"127.0.0.1.tm16","state":"TERMINATED","expires":1550323591905,"resourceName":"jmsConnectionFactory"},{"uri":"127.0.0.1.tm17","state":"TERMINATED","expires":1550323591905,"resourceName":"dataSource"}]}
{"id":"127.0.0.1.tm155032358338500016","wasCommitted":true,"participants":[{"uri":"127.0.0.1.tm18","state":"COMMITTING","expires":1550323593297,"resourceName":"jmsConnectionFactory"},{"uri":"127.0.0.1.tm19","state":"COMMITTING","expires":1550323593297,"resourceName":"dataSource"}]}
{"id":"127.0.0.1.tm155032358338500016","wasCommitted":true,"participants":[{"uri":"127.0.0.1.tm18","state":"TERMINATED","expires":1550323593303,"resourceName":"jmsConnectionFactory"},{"uri":"127.0.0.1.tm19","state":"TERMINATED","expires":1550323593303,"resourceName":"dataSource"}]}
{"id":"127.0.0.1.tm155032358666400017","wasCommitted":true,"participants":[{"uri":"127.0.0.1.tm20","state":"COMMITTING","expires":1550323596577,"resourceName":"jmsConnectionFactory"},{"uri":"127.0.0.1.tm21","state":"COMMITTING","expires":1550323596577,"resourceName":"dataSource"}]}
{"id":"127.0.0.1.tm155032358666400017","wasCommitted":true,"participants":[{"uri":"127.0.0.1.tm20","state":"TERMINATED","expires":1550323596583,"resourceName":"jmsConnectionFactory"},{"uri":"127.0.0.1.tm21","state":"TERMINATED","expires":1550323596583,"resourceName":"dataSource"}]}
{"id":"127.0.0.1.tm155032358941300018","wasCommitted":false,"participants":[{"uri":"127.0.0.1.tm22","state":"TERMINATED","expires":1550323599330,"resourceName":"jmsConnectionFactory"},{"uri":"127.0.0.1.tm23","state":"TERMINATED","expires":1550323599330,"resourceName":"dataSource"}]}
